03/07/2015 01:37:33 PM | Number packets received (difference)    Number packets sent (difference)
03/07/2015 01:37:33 PM |              486747 (+0)                             485878 (+0)
03/07/2015 01:42:33 PM |              486772 (+25)                             485903 (+25)
03/07/2015 01:47:33 PM |              486797 (+25)                             485928 (+25)
03/07/2015 01:52:33 PM |              486822 (+25)                             485953 (+25)
03/07/2015 01:57:33 PM |              486847 (+25)                             485978 (+25)
03/07/2015 02:02:34 PM |              486872 (+25)                             486003 (+25)
03/07/2015 02:07:34 PM |              486887 (+15)                             486018 (+15)
03/07/2015 02:12:34 PM |              486902 (+15)                             486033 (+15)
03/07/2015 02:17:34 PM |              486917 (+15)                             486048 (+15)
03/07/2015 02:22:34 PM |              486932 (+15)                             486063 (+15)
03/07/2015 02:27:34 PM |              486947 (+15)                             486078 (+15)
03/07/2015 02:32:35 PM |              486982 (+35)                             486113 (+35)
03/07/2015 02:37:35 PM |              487067 (+85)                             486198 (+85)
03/07/2015 02:42:35 PM |              487082 (+15)                             486213 (+15)
03/07/2015 02:47:35 PM |              487097 (+15)                             486228 (+15)
03/07/2015 02:52:35 PM |              487273 (+176)                             486404 (+176)
03/07/2015 02:57:35 PM |              487388 (+115)                             486519 (+115)
03/07/2015 03:02:36 PM |              487503 (+115)                             486634 (+115)
03/07/2015 03:07:36 PM |              487618 (+115)                             486749 (+115)
03/07/2015 03:12:36 PM |              487673 (+55)                             486804 (+55)
03/07/2015 03:17:36 PM |              487708 (+35)                             486839 (+35)
03/07/2015 03:22:36 PM |              487743 (+35)                             486874 (+35)
03/07/2015 03:27:37 PM |              487778 (+35)                             486909 (+35)
03/07/2015 03:32:37 PM |              487813 (+35)                             486944 (+35)
03/07/2015 03:37:37 PM |              487848 (+35)                             486979 (+35)
03/07/2015 03:42:37 PM |              487863 (+15)                             486994 (+15)
03/07/2015 03:47:37 PM |              487878 (+15)                             487009 (+15)
03/07/2015 03:52:37 PM |              487893 (+15)                             487024 (+15)
03/07/2015 03:57:38 PM |              487908 (+15)                             487039 (+15)
03/07/2015 04:02:38 PM |              487963 (+55)                             487094 (+55)
03/07/2015 04:07:38 PM |              487998 (+35)                             487129 (+35)
03/07/2015 04:12:38 PM |              488033 (+35)                             487164 (+35)
03/07/2015 04:17:38 PM |              488068 (+35)                             487199 (+35)
03/07/2015 04:22:38 PM |              488103 (+35)                             487234 (+35)
03/07/2015 04:27:39 PM |              488138 (+35)                             487269 (+35)
03/07/2015 04:32:39 PM |              488153 (+15)                             487284 (+15)
03/07/2015 04:37:39 PM |              488168 (+15)                             487299 (+15)
03/07/2015 04:42:39 PM |              488183 (+15)                             487314 (+15)
03/07/2015 04:47:39 PM |              488198 (+15)                             487329 (+15)
03/07/2015 04:52:39 PM |              488253 (+55)                             487384 (+55)
03/07/2015 04:57:40 PM |              488288 (+35)                             487419 (+35)
03/07/2015 05:02:40 PM |              488323 (+35)                             487454 (+35)
03/07/2015 05:07:40 PM |              488358 (+35)                             487489 (+35)
03/07/2015 05:12:40 PM |              488394 (+36)                             487525 (+36)
03/07/2015 05:17:40 PM |              488443 (+49)                             487562 (+37)
03/07/2015 05:22:40 PM |              488499 (+56)                             487600 (+38)
03/07/2015 05:27:41 PM |              488537 (+38)                             487638 (+38)
03/07/2015 05:32:41 PM |              488572 (+35)                             487673 (+35)
03/07/2015 05:37:41 PM |              488607 (+35)                             487708 (+35)
03/07/2015 05:42:41 PM |              488642 (+35)                             487743 (+35)
03/07/2015 05:47:41 PM |              488677 (+35)                             487778 (+35)
03/07/2015 05:52:42 PM |              488712 (+35)                             487813 (+35)
03/07/2015 05:57:42 PM |              488747 (+35)                             487848 (+35)
03/07/2015 06:02:42 PM |              488782 (+35)                             487883 (+35)
03/07/2015 06:07:42 PM |              488817 (+35)                             487918 (+35)
03/07/2015 06:12:42 PM |              488852 (+35)                             487953 (+35)
03/07/2015 06:17:42 PM |              488887 (+35)                             487988 (+35)
03/07/2015 06:22:42 PM |              488920 (+33)                             488021 (+33)
03/07/2015 06:27:43 PM |              488953 (+33)                             488054 (+33)
03/07/2015 06:32:43 PM |              488986 (+33)                             488087 (+33)
03/07/2015 06:37:43 PM |              489030 (+44)                             488131 (+44)
03/07/2015 06:42:43 PM |              489063 (+33)                             488164 (+33)
03/07/2015 06:47:43 PM |              489096 (+33)                             488197 (+33)
03/07/2015 06:52:43 PM |              489129 (+33)                             488230 (+33)
03/07/2015 06:57:44 PM |              489142 (+13)                             488243 (+13)
03/07/2015 07:02:44 PM |              489155 (+13)                             488256 (+13)
03/07/2015 07:07:44 PM |              489168 (+13)                             488269 (+13)
03/07/2015 07:12:44 PM |              489181 (+13)                             488282 (+13)
03/07/2015 07:17:44 PM |              489197 (+16)                             488298 (+16)
03/07/2015 07:22:45 PM |              489216 (+19)                             488317 (+19)
03/07/2015 07:27:45 PM |              489236 (+20)                             488337 (+20)
03/07/2015 07:32:45 PM |              489289 (+53)                             488390 (+53)
03/07/2015 07:37:45 PM |              489322 (+33)                             488423 (+33)
03/07/2015 07:42:45 PM |              489358 (+36)                             488459 (+36)
03/07/2015 07:47:45 PM |              489391 (+33)                             488492 (+33)
03/07/2015 07:52:46 PM |              489424 (+33)                             488525 (+33)
03/07/2015 07:57:46 PM |              489457 (+33)                             488558 (+33)
03/07/2015 08:02:46 PM |              489490 (+33)                             488591 (+33)
03/07/2015 08:07:46 PM |              489583 (+93)                             488684 (+93)
03/07/2015 08:12:46 PM |              489796 (+213)                             488897 (+213)
03/07/2015 08:17:46 PM |              489949 (+153)                             489050 (+153)
03/07/2015 08:22:47 PM |              490042 (+93)                             489143 (+93)
03/07/2015 08:27:47 PM |              490124 (+82)                             489225 (+82)
03/07/2015 08:32:47 PM |              490146 (+22)                             489247 (+22)
03/07/2015 08:37:47 PM |              490168 (+22)                             489269 (+22)
03/07/2015 08:42:47 PM |              490310 (+142)                             489411 (+142)
03/07/2015 08:47:47 PM |              490332 (+22)                             489433 (+22)
03/07/2015 08:52:48 PM |              490354 (+22)                             489455 (+22)
03/07/2015 08:57:48 PM |              490376 (+22)                             489477 (+22)
03/07/2015 09:02:48 PM |              490398 (+22)                             489499 (+22)
03/07/2015 09:07:48 PM |              490581 (+183)                             489682 (+183)
03/07/2015 09:12:48 PM |              491334 (+753)                             490435 (+753)
03/07/2015 09:17:49 PM |              491547 (+213)                             490648 (+213)
03/07/2015 09:22:49 PM |              491580 (+33)                             490681 (+33)
03/07/2015 09:27:49 PM |              491763 (+183)                             490864 (+183)
03/07/2015 09:32:49 PM |              491796 (+33)                             490897 (+33)
03/07/2015 09:37:49 PM |              491829 (+33)                             490930 (+33)
03/07/2015 09:42:49 PM |              491862 (+33)                             490963 (+33)
03/07/2015 09:47:50 PM |              491895 (+33)                             490996 (+33)
03/07/2015 09:52:50 PM |              491928 (+33)                             491029 (+33)
03/07/2015 09:57:50 PM |              491961 (+33)                             491062 (+33)
03/07/2015 10:02:50 PM |              491994 (+33)                             491095 (+33)
03/07/2015 10:07:50 PM |              492027 (+33)                             491128 (+33)
03/07/2015 10:12:50 PM |              492060 (+33)                             491161 (+33)
03/07/2015 10:17:51 PM |              492093 (+33)                             491194 (+33)
03/07/2015 10:22:51 PM |              492126 (+33)                             491227 (+33)
03/07/2015 10:27:51 PM |              492159 (+33)                             491260 (+33)
03/07/2015 10:32:51 PM |              492192 (+33)                             491293 (+33)
03/07/2015 10:37:51 PM |              492225 (+33)                             491326 (+33)
03/07/2015 10:42:51 PM |              492258 (+33)                             491359 (+33)
03/07/2015 10:47:52 PM |              492291 (+33)                             491392 (+33)
03/07/2015 10:52:52 PM |              492324 (+33)                             491425 (+33)
03/07/2015 10:57:52 PM |              492357 (+33)                             491458 (+33)
03/07/2015 11:02:52 PM |              492390 (+33)                             491491 (+33)
03/07/2015 11:07:52 PM |              492423 (+33)                             491524 (+33)
03/07/2015 11:12:52 PM |              492456 (+33)                             491557 (+33)
03/07/2015 11:17:53 PM |              492489 (+33)                             491590 (+33)
03/07/2015 11:22:53 PM |              492522 (+33)                             491623 (+33)
03/07/2015 11:27:53 PM |              492555 (+33)                             491656 (+33)
03/07/2015 11:32:53 PM |              492588 (+33)                             491689 (+33)
03/07/2015 11:37:53 PM |              492621 (+33)                             491722 (+33)
03/07/2015 11:42:54 PM |              492774 (+153)                             491875 (+153)
03/07/2015 11:47:54 PM |              492987 (+213)                             492088 (+213)
03/07/2015 11:52:54 PM |              493020 (+33)                             492121 (+33)
03/07/2015 11:57:54 PM |              493173 (+153)                             492274 (+153)
03/08/2015 12:02:54 AM |              493206 (+33)                             492307 (+33)
03/08/2015 12:07:54 AM |              493239 (+33)                             492340 (+33)
03/08/2015 12:12:54 AM |              493272 (+33)                             492373 (+33)
03/08/2015 12:17:55 AM |              493305 (+33)                             492406 (+33)
03/08/2015 12:22:55 AM |              493338 (+33)                             492439 (+33)
03/08/2015 12:27:55 AM |              493551 (+213)                             492652 (+213)
03/08/2015 12:32:55 AM |              493584 (+33)                             492685 (+33)
03/08/2015 12:37:55 AM |              493767 (+183)                             492868 (+183)
03/08/2015 12:42:55 AM |              493980 (+213)                             493081 (+213)
03/08/2015 12:47:56 AM |              494193 (+213)                             493294 (+213)
03/08/2015 12:52:56 AM |              494274 (+81)                             493375 (+81)
03/08/2015 12:57:56 AM |              494787 (+513)                             493888 (+513)
03/08/2015 01:02:56 AM |              495660 (+873)                             494761 (+873)
03/08/2015 01:07:56 AM |              495693 (+33)                             494794 (+33)
03/08/2015 01:12:56 AM |              495726 (+33)                             494827 (+33)
03/08/2015 01:17:56 AM |              495759 (+33)                             494860 (+33)
03/08/2015 01:22:57 AM |              495792 (+33)                             494893 (+33)
03/08/2015 01:27:57 AM |              495825 (+33)                             494926 (+33)
03/08/2015 01:32:57 AM |              495858 (+33)                             494959 (+33)
03/08/2015 01:37:57 AM |              496161 (+303)                             495262 (+303)
03/08/2015 01:42:57 AM |              496284 (+123)                             495385 (+123)
03/08/2015 01:47:58 AM |              496527 (+243)                             495628 (+243)
03/08/2015 01:52:58 AM |              496590 (+63)                             495691 (+63)
03/08/2015 01:57:58 AM |              497073 (+483)                             496174 (+483)
03/08/2015 02:02:58 AM |              497106 (+33)                             496207 (+33)
03/08/2015 02:07:58 AM |              497139 (+33)                             496240 (+33)
03/08/2015 02:12:58 AM |              497172 (+33)                             496273 (+33)
03/08/2015 02:17:59 AM |              497205 (+33)                             496306 (+33)
03/08/2015 02:22:59 AM |              497238 (+33)                             496339 (+33)
03/08/2015 02:27:59 AM |              497331 (+93)                             496432 (+93)
03/08/2015 02:32:59 AM |              497844 (+513)                             496945 (+513)
03/08/2015 02:37:59 AM |              499077 (+1233)                             498178 (+1233)
03/08/2015 02:42:59 AM |              499110 (+33)                             498211 (+33)
03/08/2015 02:48:00 AM |              499250 (+140)                             498351 (+140)
03/08/2015 02:53:00 AM |              499283 (+33)                             498384 (+33)
03/08/2015 02:58:00 AM |              499401 (+118)                             498502 (+118)
03/08/2015 03:03:00 AM |              499439 (+38)                             498540 (+38)
03/08/2015 03:08:00 AM |              499472 (+33)                             498573 (+33)
03/08/2015 03:13:01 AM |              500105 (+633)                             499206 (+633)
03/08/2015 03:18:01 AM |              500228 (+123)                             499329 (+123)
03/08/2015 03:23:01 AM |              500531 (+303)                             499632 (+303)
03/08/2015 03:28:01 AM |              500564 (+33)                             499665 (+33)
03/08/2015 03:33:01 AM |              500777 (+213)                             499878 (+213)
03/08/2015 03:38:01 AM |              500870 (+93)                             499971 (+93)
03/08/2015 03:43:01 AM |              500963 (+93)                             500064 (+93)
03/08/2015 03:48:02 AM |              501026 (+63)                             500127 (+63)
03/08/2015 03:53:02 AM |              501089 (+63)                             500190 (+63)
03/08/2015 03:58:02 AM |              501152 (+63)                             500253 (+63)
03/08/2015 04:03:02 AM |              501215 (+63)                             500316 (+63)
03/08/2015 04:08:02 AM |              501278 (+63)                             500379 (+63)
03/08/2015 04:13:02 AM |              501341 (+63)                             500442 (+63)
03/08/2015 04:18:03 AM |              501404 (+63)                             500505 (+63)
03/08/2015 04:23:03 AM |              501467 (+63)                             500568 (+63)
03/08/2015 04:28:03 AM |              501530 (+63)                             500631 (+63)
03/08/2015 04:33:03 AM |              501593 (+63)                             500694 (+63)
03/08/2015 04:38:03 AM |              501656 (+63)                             500757 (+63)
03/08/2015 04:43:03 AM |              501719 (+63)                             500820 (+63)
03/08/2015 04:48:04 AM |              501782 (+63)                             500883 (+63)
03/08/2015 04:53:04 AM |              501845 (+63)                             500946 (+63)
03/08/2015 04:58:04 AM |              501908 (+63)                             501009 (+63)
03/08/2015 05:03:04 AM |              501971 (+63)                             501072 (+63)
03/08/2015 05:08:04 AM |              502034 (+63)                             501135 (+63)
03/08/2015 05:13:04 AM |              502097 (+63)                             501198 (+63)
03/08/2015 05:18:05 AM |              502160 (+63)                             501261 (+63)
03/08/2015 05:23:05 AM |              502223 (+63)                             501324 (+63)
03/08/2015 05:28:05 AM |              502286 (+63)                             501387 (+63)
03/08/2015 05:33:05 AM |              502349 (+63)                             501450 (+63)
03/08/2015 05:38:05 AM |              502412 (+63)                             501513 (+63)
03/08/2015 05:43:05 AM |              502475 (+63)                             501576 (+63)
03/08/2015 05:48:06 AM |              502538 (+63)                             501639 (+63)
03/08/2015 05:53:06 AM |              502601 (+63)                             501702 (+63)
03/08/2015 05:58:06 AM |              502664 (+63)                             501765 (+63)
03/08/2015 06:03:06 AM |              502727 (+63)                             501828 (+63)
03/08/2015 06:08:06 AM |              502790 (+63)                             501891 (+63)
03/08/2015 06:13:06 AM |              502853 (+63)                             501954 (+63)
03/08/2015 06:18:07 AM |              502916 (+63)                             502017 (+63)
03/08/2015 06:23:07 AM |              502979 (+63)                             502080 (+63)
03/08/2015 06:28:07 AM |              503042 (+63)                             502143 (+63)
03/08/2015 06:33:07 AM |              503105 (+63)                             502206 (+63)
03/08/2015 06:38:07 AM |              503168 (+63)                             502269 (+63)
03/08/2015 06:43:07 AM |              503231 (+63)                             502332 (+63)
03/08/2015 06:48:08 AM |              503294 (+63)                             502395 (+63)
03/08/2015 06:53:08 AM |              503357 (+63)                             502458 (+63)
03/08/2015 06:58:08 AM |              503420 (+63)                             502521 (+63)
03/08/2015 07:03:08 AM |              503483 (+63)                             502584 (+63)
03/08/2015 07:08:08 AM |              503546 (+63)                             502647 (+63)
03/08/2015 07:13:08 AM |              503609 (+63)                             502710 (+63)
03/08/2015 07:18:09 AM |              503672 (+63)                             502773 (+63)
03/08/2015 07:23:09 AM |              503735 (+63)                             502836 (+63)
03/08/2015 07:28:09 AM |              503798 (+63)                             502899 (+63)
03/08/2015 07:33:09 AM |              503861 (+63)                             502962 (+63)
03/08/2015 07:38:09 AM |              503924 (+63)                             503025 (+63)
03/08/2015 07:43:10 AM |              503987 (+63)                             503088 (+63)
03/08/2015 07:48:10 AM |              504050 (+63)                             503151 (+63)
03/08/2015 07:53:10 AM |              504113 (+63)                             503214 (+63)
03/08/2015 07:58:10 AM |              504176 (+63)                             503277 (+63)
03/08/2015 08:03:10 AM |              504239 (+63)                             503340 (+63)
03/08/2015 08:08:10 AM |              504302 (+63)                             503403 (+63)
03/08/2015 08:13:11 AM |              504365 (+63)                             503466 (+63)
03/08/2015 08:18:11 AM |              504428 (+63)                             503529 (+63)
03/08/2015 08:23:11 AM |              504491 (+63)                             503592 (+63)
03/08/2015 08:28:11 AM |              504554 (+63)                             503655 (+63)
03/08/2015 08:33:11 AM |              504617 (+63)                             503718 (+63)
03/08/2015 08:38:12 AM |              504680 (+63)                             503781 (+63)
03/08/2015 08:43:12 AM |              504743 (+63)                             503844 (+63)
03/08/2015 08:48:12 AM |              504806 (+63)                             503907 (+63)
03/08/2015 08:53:12 AM |              504869 (+63)                             503970 (+63)
03/08/2015 08:58:12 AM |              504932 (+63)                             504033 (+63)
03/08/2015 09:03:12 AM |              504995 (+63)                             504096 (+63)
03/08/2015 09:08:12 AM |              505058 (+63)                             504159 (+63)
03/08/2015 09:13:13 AM |              505121 (+63)                             504222 (+63)
03/08/2015 09:18:13 AM |              505184 (+63)                             504285 (+63)
03/08/2015 09:23:13 AM |              505247 (+63)                             504348 (+63)
03/08/2015 09:28:13 AM |              505310 (+63)                             504411 (+63)
03/08/2015 09:33:13 AM |              505373 (+63)                             504474 (+63)
03/08/2015 09:38:13 AM |              505436 (+63)                             504537 (+63)
03/08/2015 09:43:14 AM |              505499 (+63)                             504600 (+63)
03/08/2015 09:48:14 AM |              505562 (+63)                             504663 (+63)
03/08/2015 09:53:14 AM |              505625 (+63)                             504726 (+63)
03/08/2015 09:58:14 AM |              505688 (+63)                             504789 (+63)
03/08/2015 10:03:14 AM |              505751 (+63)                             504852 (+63)
03/08/2015 10:08:14 AM |              505815 (+64)                             504916 (+64)
03/08/2015 10:13:15 AM |              505881 (+66)                             504982 (+66)
03/08/2015 10:18:15 AM |              505944 (+63)                             505045 (+63)
03/08/2015 10:23:15 AM |              506007 (+63)                             505108 (+63)
03/08/2015 10:28:15 AM |              506070 (+63)                             505171 (+63)
03/08/2015 10:33:15 AM |              506133 (+63)                             505234 (+63)
03/08/2015 10:38:15 AM |              506196 (+63)                             505297 (+63)
03/08/2015 10:43:16 AM |              506259 (+63)                             505360 (+63)
03/08/2015 10:48:16 AM |              506322 (+63)                             505423 (+63)
03/08/2015 10:53:16 AM |              506385 (+63)                             505486 (+63)
03/08/2015 10:58:16 AM |              506448 (+63)                             505549 (+63)
03/08/2015 11:03:16 AM |              506511 (+63)                             505612 (+63)
03/08/2015 11:08:16 AM |              506574 (+63)                             505675 (+63)
03/08/2015 11:13:17 AM |              506637 (+63)                             505738 (+63)
03/08/2015 11:18:17 AM |              506700 (+63)                             505801 (+63)
03/08/2015 11:23:17 AM |              506763 (+63)                             505864 (+63)
03/08/2015 11:28:17 AM |              510443 (+3680)                             509544 (+3680)
03/08/2015 11:33:17 AM |              510507 (+64)                             509608 (+64)
03/08/2015 11:38:17 AM |              510570 (+63)                             509671 (+63)
03/08/2015 11:43:18 AM |              510633 (+63)                             509734 (+63)
03/08/2015 11:48:18 AM |              510696 (+63)                             509797 (+63)
03/08/2015 11:53:18 AM |              510762 (+66)                             509863 (+66)
03/08/2015 11:58:18 AM |              510833 (+71)                             509934 (+71)
03/08/2015 12:03:18 PM |              510898 (+65)                             509999 (+65)
03/08/2015 12:08:18 PM |              510975 (+77)                             510076 (+77)
03/08/2015 12:13:19 PM |              511052 (+77)                             510153 (+77)
03/08/2015 12:18:19 PM |              511115 (+63)                             510216 (+63)
03/08/2015 12:23:19 PM |              511192 (+77)                             510293 (+77)
03/08/2015 12:28:19 PM |              511275 (+83)                             510376 (+83)
03/08/2015 12:33:19 PM |              511344 (+69)                             510445 (+69)
03/08/2015 12:38:19 PM |              511411 (+67)                             510512 (+67)
03/08/2015 12:43:20 PM |              511492 (+81)                             510593 (+81)
03/08/2015 12:48:20 PM |              511557 (+65)                             510658 (+65)
03/08/2015 12:53:20 PM |              511626 (+69)                             510727 (+69)
03/08/2015 12:58:20 PM |              511697 (+71)                             510798 (+71)
03/08/2015 01:03:20 PM |              511762 (+65)                             510863 (+65)
03/08/2015 01:08:21 PM |              511826 (+64)                             510927 (+64)
03/08/2015 01:13:21 PM |              511889 (+63)                             510990 (+63)
03/08/2015 01:18:21 PM |              511952 (+63)                             511053 (+63)
03/08/2015 01:23:21 PM |              512027 (+75)                             511128 (+75)
03/08/2015 01:28:21 PM |              512094 (+67)                             511195 (+67)
03/08/2015 01:33:21 PM |              512159 (+65)                             511260 (+65)
03/08/2015 01:38:21 PM |              512222 (+63)                             511323 (+63)
